<?xml version="1.0" encoding="UTF-8"?>
<!-- Generated by org.testng.reporters.JUnitReportReporter -->
<testsuite hostname="LAPTOP-5NBHJHBC" failures="0" tests="1" name="TestMain" time="0.015" errors="0" timestamp="2022-02-22T21:48:45 MSK" skipped="0">
  <testcase classname="TestMain" name="testing" time="0.015"/>
  <system-out/>
</testsuite> <!-- TestMain -->
